This is pdfTeX, Version 3.14159265-2.6-1.40.18 (MiKTeX 2.9.6600) (preloaded format=pdflatex 2018.3.20)  19 APR 2018 23:33
entering extended mode
**./Kenkejiskos_programos.tex
(Kenkejiskos_programos.tex
LaTeX2e <2017-04-15>
Babel <3.18> and hyphenation patterns for 0 language(s) loaded.

! LaTeX Error: Missing \begin{document}.

See the LaTeX manual or LaTeX Companion for explanation.
Type  H <return>  for immediate help.
 ...                                              
                                                  
l.1 s
     dsds
You're in trouble here.  Try typing  <return>  to proceed.
If that doesn't work, type  X <return>  to quit.

Missing character: There is no s in font nullfont!
Missing character: There is no d in font nullfont!
Missing character: There is no s in font nullfont!
Missing character: There is no d in font nullfont!
Missing character: There is no s in font nullfont!
)
! Emergency stop.
<*> ./Kenkejiskos_programos.tex
                               
*** (job aborted, no legal \end found)

 
Here is how much of TeX's memory you used:
 7 strings out of 495223
 243 string characters out of 3181515
 45704 words of memory out of 3000000
 3412 multiletter control sequences out of 15000+200000
 3640 words of font info for 14 fonts, out of 3000000 for 9000
 0 hyphenation exceptions out of 8191
 5i,0n,4p,36b,14s stack positions out of 5000i,500n,10000p,200000b,50000s
!  ==> Fatal error occurred, no output PDF file produced!
