\BOOKMARK [1][-]{section*.1}{\376\377\000S\000u\000t\000a\000r\000t\000i\000n\000i\000s\000\040\000t\000e\000r\000m\000i\000n\001\163\000\040\001\176\000o\000d\000y\000n\000a\000s}{}% 1
\BOOKMARK [1][-]{section*.2}{\376\377\000S\000a\000n\000t\000r\000a\000u\000k\000a}{}% 2
\BOOKMARK [1][-]{section*.3}{\376\377\000S\000u\000m\000m\000a\000r\000y}{}% 3
\BOOKMARK [1][-]{section*.4}{\376\377\001\056\000v\000a\000d\000a\000s}{}% 4
\BOOKMARK [1][-]{section.1}{\376\377\000K\000i\000b\000e\000r\000n\000e\000t\000i\000n\000i\000o\000\040\000s\000a\000u\000g\000u\000m\000o\000\040\000a\000n\000a\000l\000i\000z\001\027}{}% 5
\BOOKMARK [2][-]{subsection.1.1}{\376\377\000K\000i\000b\000e\000r\000n\000e\000t\000i\000n\000i\000o\000\040\000s\000a\000u\000g\000u\000m\000o\000\040\000a\000p\001\176\000v\000a\000l\000g\000a}{section.1}% 6
\BOOKMARK [3][-]{subsubsection.1.1.1}{\376\377\000K\000i\000b\000e\000r\000n\000e\000t\000i\000n\000i\000o\000\040\000s\000a\000u\000g\000u\000m\000o\000\040\000i\000s\000t\000o\000r\000i\000j\000a}{subsection.1.1}% 7
\BOOKMARK [3][-]{subsubsection.1.1.2}{\376\377\000K\000o\000m\000p\000i\000u\000t\000e\000r\000i\000n\000i\001\163\000\040\000s\000i\000s\000t\000e\000m\001\163\000\040\000a\000t\000a\000k\000a\000v\000i\000m\000o\000\040\000a\000p\001\176\000v\000a\000l\000g\000a}{subsection.1.1}% 8
\BOOKMARK [3][-]{subsubsection.1.1.3}{\376\377\000K\000o\000m\000p\000i\000u\000t\000e\000r\000i\000n\000i\001\163\000\040\000s\000i\000s\000t\000e\000m\001\163\000\040\000s\000a\000u\000g\000u\000m\000o\000\040\000a\000p\001\176\000v\000a\000l\000g\000a}{subsection.1.1}% 9
\BOOKMARK [2][-]{subsection.1.2}{\376\377\000P\000a\000g\000r\000i\000n\000d\000i\000n\000i\000a\000i\000\040\000k\000i\000b\000e\000r\000n\000e\000t\000i\000n\000i\001\163\000\040\000a\000t\000a\000k\001\163\000\040\000t\000i\000p\000a\000i}{section.1}% 10
\BOOKMARK [3][-]{subsubsection.1.2.1}{\376\377\000S\000Q\000L\000\040\000i\000n\000j\000e\000k\000c\000i\000j\000o\000s}{subsection.1.2}% 11
\BOOKMARK [3][-]{subsubsection.1.2.2}{\376\377\000X\000S\000S\000\040\000i\000n\000j\000e\000k\000c\000i\000j\000o\000s}{subsection.1.2}% 12
\BOOKMARK [3][-]{subsubsection.1.2.3}{\376\377\000P\000h\000i\000s\000h\000i\000n\000g\000a\000s}{subsection.1.2}% 13
\BOOKMARK [3][-]{subsubsection.1.2.4}{\376\377\000K\000e\000n\000k\001\027\000j\000i\001\141\000k\000o\000s\000\040\000p\000r\000o\000g\000r\000a\000m\000o\000s}{subsection.1.2}% 14
\BOOKMARK [3][-]{subsubsection.1.2.5}{\376\377\000S\000l\000a\000p\000t\000a\001\176\000o\000d\001\176\000i\001\163\000\040\000l\000a\000u\001\176\000i\000m\000a\000s}{subsection.1.2}% 15
\BOOKMARK [3][-]{subsubsection.1.2.6}{\376\377\000D\000D\000O\000S\000/\000D\000O\000S\000\040\000a\000t\000a\000k\000o\000s}{subsection.1.2}% 16
\BOOKMARK [1][-]{section.2}{\376\377\000P\000a\000s\000i\000r\000i\000n\000k\000t\001\163\000\040\000a\000t\000a\000k\000o\000s\000\040\000v\000e\000k\000t\000o\000r\000i\001\163\000\040\000a\000n\000a\000l\000i\000z\001\027}{}% 17
\BOOKMARK [1][-]{section.3}{\376\377\000P\000a\000s\000i\000r\000i\000n\000k\000t\001\163\000\040\000a\000t\000a\000k\000o\000s\000\040\000v\000e\000k\000t\000o\000r\000i\001\163\000\040\000i\000m\000p\000l\000e\000m\000e\000n\000t\000a\000c\000i\000j\000a}{}% 18
\BOOKMARK [1][-]{section.4}{\376\377\001\140\000a\000l\000t\000i\000n\000i\000a\000i}{}% 19
\BOOKMARK [1][-]{section*.5}{\376\377\000I\001\141\000v\000a\000d\000o\000s\000\040\000i\000r\000\040\000r\000e\000k\000o\000m\000e\000n\000d\000a\000c\000i\000j\000o\000s}{}% 20
\BOOKMARK [1][-]{section*.6}{\376\377\000A\000t\000e\000i\000t\000i\000e\000s\000\040\000t\000y\000r\000i\000m\001\163\000\040\000p\000l\000a\000n\000a\000s}{}% 21
\BOOKMARK [1][-]{section*.7}{\376\377\000L\000i\000t\000e\000r\000a\000t\001\153\000r\000o\000s\000\040\001\141\000a\000l\000t\000i\000n\000i\000a\000i}{}% 22
\BOOKMARK [1][-]{section*.8}{\376\377\000P\000r\000i\000e\000d\000a\000i}{}% 23
\BOOKMARK [1][-]{Priedas.1.A}{\376\377\000P\000i\000r\000m\000o\000j\000o\000\040\000p\000r\000i\000e\000d\000o\000\040\000p\000a\000v\000a\000d\000i\000n\000i\000m\000a\000s}{}% 24
\BOOKMARK [1][-]{Priedas.1.B}{\376\377\000A\000n\000t\000r\000o\000j\000o\000\040\000p\000r\000i\000e\000d\000o\000\040\000p\000a\000v\000a\000d\000i\000n\000i\000m\000a\000s}{}% 25
